<?xml version="1.0" encoding="UTF-8"?>
<!-- Generated by org.testng.reporters.JUnitReportReporter -->
<testsuite hostname="DESKTOP-EUMGPVE" failures="0" tests="5" name="testCases.TC_003_DDT_LoginTest" time="141.966" errors="0" timestamp="2023-08-14T13:42:21 IST" skipped="0">
  <testcase classname="testCases.TC_003_DDT_LoginTest" name="test_DDT_Login" time="38.234"/>
  <system-out/>
  <testcase classname="testCases.TC_003_DDT_LoginTest" name="test_DDT_Login" time="38.829"/>
  <system-out/>
  <testcase classname="testCases.TC_003_DDT_LoginTest" name="test_DDT_Login" time="13.944"/>
  <system-out/>
  <testcase classname="testCases.TC_003_DDT_LoginTest" name="test_DDT_Login" time="36.802"/>
  <system-out/>
  <testcase classname="testCases.TC_003_DDT_LoginTest" name="test_DDT_Login" time="14.157"/>
  <system-out/>
</testsuite> <!-- testCases.TC_003_DDT_LoginTest -->
