<?xml version="1.0" encoding="UTF-8"?>
<!-- Generated by org.testng.reporters.JUnitReportReporter -->
<testsuite hostname="DESKTOP-EUMGPVE" failures="0" tests="1" name="testCases.TC_002_LoginTest" time="79.925" errors="0" timestamp="2023-08-14T12:06:19 IST" skipped="0">
  <testcase classname="testCases.TC_002_LoginTest" name="test_login" time="79.925"/>
  <system-out/>
</testsuite> <!-- testCases.TC_002_LoginTest -->
