<?xml version="1.0" encoding="UTF-8"?>
<!-- Generated by org.testng.reporters.JUnitReportReporter -->
<testsuite hostname="DESKTOP-EUMGPVE" failures="0" tests="1" name="testCases.TC_001_AccountRegistrationTest" time="55.857" errors="0" timestamp="2023-08-14T14:54:27 IST" skipped="0">
  <testcase classname="testCases.TC_001_AccountRegistrationTest" name="test_account_registration" time="55.857"/>
  <system-out/>
</testsuite> <!-- testCases.TC_001_AccountRegistrationTest -->
