<?xml version="1.0" encoding="UTF-8"?>
<!-- Generated by org.testng.reporters.JUnitReportReporter -->
<testsuite hostname="DESKTOP-EUMGPVE" failures="0" tests="5" name="testCases.TC_003_DDT_LoginTest" time="159.432" errors="0" timestamp="2023-08-14T14:54:27 IST" skipped="0">
  <testcase classname="testCases.TC_003_DDT_LoginTest" name="test_DDT_Login" time="36.303"/>
  <system-out/>
  <testcase classname="testCases.TC_003_DDT_LoginTest" name="test_DDT_Login" time="40.110"/>
  <system-out/>
  <testcase classname="testCases.TC_003_DDT_LoginTest" name="test_DDT_Login" time="14.495"/>
  <system-out/>
  <testcase classname="testCases.TC_003_DDT_LoginTest" name="test_DDT_Login" time="40.492"/>
  <system-out/>
  <testcase classname="testCases.TC_003_DDT_LoginTest" name="test_DDT_Login" time="28.032"/>
  <system-out/>
</testsuite> <!-- testCases.TC_003_DDT_LoginTest -->
